Build started 2/27/2013 2:25:58 PM.
     1>Project "C:\Users\IceFrogger1313\documents\visual studio 2010\Projects\AVL\AVL\AVL.vcxproj" on node 2 (build target(s)).
     1>InitializeBuildStatus:
         Creating "Debug\AVL.unsuccessfulbuild" because "AlwaysCreate" was specified.
       ClCompile:
         C:\Program Files (x86)\OtherPrograms\Microsoft Visual Studio 10.0\VC\bin\CL.exe /c /ZI /nologo /W3 /WX- /Od /Oy- /D WIN32 /D _DEBUG /D _CONSOLE /D _UNICODE /D UNICODE /Gm /EHsc /RTC1 /MDd /GS /fp:precise /Zc:wchar_t /Zc:forScope /Fo"Debug\\" /Fd"Debug\vc100.pdb" /Gd /TP /analyze- /errorReport:prompt AVLDriver.cpp
         AVLDriver.cpp
     1>c:\users\icefrogger1313\documents\visual studio 2010\projects\avl\avl\avldriver.cpp(19): warning C4244: 'argument' : conversion from 'time_t' to 'unsigned int', possible loss of data
     1>c:\users\icefrogger1313\documents\visual studio 2010\projects\avl\avl\avl.h(344): warning C4715: 'AVL<int>::getRoot' : not all control paths return a value
       ManifestResourceCompile:
         All outputs are up-to-date.
       Link:
         C:\Program Files (x86)\OtherPrograms\Microsoft Visual Studio 10.0\VC\bin\link.exe /ERRORREPORT:PROMPT /OUT:"C:\Users\IceFrogger1313\documents\visual studio 2010\Projects\AVL\Debug\AVL.exe" /INCREMENTAL /NOLOGO kernel32.lib user32.lib gdi32.lib winspool.lib comdlg32.lib advapi32.lib shell32.lib ole32.lib oleaut32.lib uuid.lib odbc32.lib odbccp32.lib /MANIFEST /ManifestFile:"Debug\AVL.exe.intermediate.manifest" /MANIFESTUAC:"level='asInvoker' uiAccess='false'" /DEBUG /PDB:"C:\Users\IceFrogger1313\documents\visual studio 2010\Projects\AVL\Debug\AVL.pdb" /SUBSYSTEM:CONSOLE /TLBID:1 /DYNAMICBASE /NXCOMPAT /IMPLIB:"C:\Users\IceFrogger1313\documents\visual studio 2010\Projects\AVL\Debug\AVL.lib" /MACHINE:X86 Debug\AVL.exe.embed.manifest.res
         Debug\AVLDriver.obj
       Manifest:
         C:\Program Files (x86)\Microsoft SDKs\Windows\v7.0A\bin\mt.exe /nologo /verbose /out:"Debug\AVL.exe.embed.manifest" /manifest Debug\AVL.exe.intermediate.manifest
         All outputs are up-to-date.
       LinkEmbedManifest:
         All outputs are up-to-date.
         AVL.vcxproj -> C:\Users\IceFrogger1313\documents\visual studio 2010\Projects\AVL\Debug\AVL.exe
       FinalizeBuildStatus:
         Deleting file "Debug\AVL.unsuccessfulbuild".
         Touching "Debug\AVL.lastbuildstate".
     1>Done Building Project "C:\Users\IceFrogger1313\documents\visual studio 2010\Projects\AVL\AVL\AVL.vcxproj" (build target(s)).

Build succeeded.

Time Elapsed 00:00:00.87
