Build started 12/17/2014 1:24:09 PM.
     1>Project "C:\Users\IceFrogger1313\Documents\Visual Studio 2010\Projects\AVL\AVL\AVL.vcxproj" on node 2 (build target(s)).
     1>InitializeBuildStatus:
         Creating "Release\AVL.unsuccessfulbuild" because "AlwaysCreate" was specified.
       ClCompile:
         C:\Program Files (x86)\OtherPrograms\Microsoft Visual Studio 10.0\VC\bin\CL.exe /c /Zi /nologo /W3 /WX- /O2 /Oi /Oy- /GL /D WIN32 /D NDEBUG /D _CONSOLE /D _UNICODE /D UNICODE /Gm- /EHsc /MD /GS /Gy /fp:precise /Zc:wchar_t /Zc:forScope /Fo"Release\\" /Fd"Release\vc100.pdb" /Gd /TP /analyze- /errorReport:prompt AVLDriver.cpp
         AVLDriver.cpp
     1>AVLDriver.cpp(19): warning C4244: 'argument' : conversion from 'time_t' to 'unsigned int', possible loss of data
       Link:
         C:\Program Files (x86)\OtherPrograms\Microsoft Visual Studio 10.0\VC\bin\link.exe /ERRORREPORT:PROMPT /OUT:"C:\Users\IceFrogger1313\Documents\Visual Studio 2010\Projects\AVL\Release\AVL.exe" /INCREMENTAL:NO /NOLOGO kernel32.lib user32.lib gdi32.lib winspool.lib comdlg32.lib advapi32.lib shell32.lib ole32.lib oleaut32.lib uuid.lib odbc32.lib odbccp32.lib /MANIFEST /ManifestFile:"Release\AVL.exe.intermediate.manifest" /MANIFESTUAC:"level='asInvoker' uiAccess='false'" /DEBUG /PDB:"C:\Users\IceFrogger1313\Documents\Visual Studio 2010\Projects\AVL\Release\AVL.pdb" /SUBSYSTEM:CONSOLE /OPT:REF /OPT:ICF /LTCG /TLBID:1 /DYNAMICBASE /NXCOMPAT /IMPLIB:"C:\Users\IceFrogger1313\Documents\Visual Studio 2010\Projects\AVL\Release\AVL.lib" /MACHINE:X86 Release\AVLDriver.obj
         Generating code
     1>c:\users\icefrogger1313\documents\visual studio 2010\projects\avl\avl\avl.h(344): warning C4715: 'AVL<int>::getRoot' : not all control paths return a value
         Finished generating code
         AVL.vcxproj -> C:\Users\IceFrogger1313\Documents\Visual Studio 2010\Projects\AVL\Release\AVL.exe
       Manifest:
         C:\Program Files (x86)\Microsoft SDKs\Windows\v7.0A\bin\mt.exe /nologo /verbose /outputresource:"C:\Users\IceFrogger1313\Documents\Visual Studio 2010\Projects\AVL\Release\AVL.exe;#1" /manifest Release\AVL.exe.intermediate.manifest
       FinalizeBuildStatus:
         Deleting file "Release\AVL.unsuccessfulbuild".
         Touching "Release\AVL.lastbuildstate".
     1>Done Building Project "C:\Users\IceFrogger1313\Documents\Visual Studio 2010\Projects\AVL\AVL\AVL.vcxproj" (build target(s)).

Build succeeded.

Time Elapsed 00:00:01.48
